<?xml version="1.0" encoding="UTF-8"?>
<testng-results skipped="0" failed="0" ignored="0" total="1" passed="1">
  <reporter-output>
  </reporter-output>
  <suite name="Default suite" duration-ms="59429" started-at="2022-08-30T20:20:07 IST" finished-at="2022-08-30T20:21:06 IST">
    <groups>
    </groups>
    <test name="Default test" duration-ms="59429" started-at="2022-08-30T20:20:07 IST" finished-at="2022-08-30T20:21:06 IST">
      <class name="com.ebanking.master.Exepom">
        <test-method status="PASS" signature="Login()[pri:0, instance:com.ebanking.master.Exepom@69a3d1d]" name="Login" is-config="true" duration-ms="7504" started-at="2022-08-30T20:20:07 IST" finished-at="2022-08-30T20:20:14 IST">
          <reporter-output>
          </reporter-output>
        </test-method> <!-- Login -->
        <test-method status="PASS" signature="Rcrea()[pri:0, instance:com.ebanking.master.Exepom@69a3d1d]" name="Rcrea" duration-ms="51854" started-at="2022-08-30T20:20:14 IST" finished-at="2022-08-30T20:21:06 IST">
          <reporter-output>
          </reporter-output>
        </test-method> <!-- Rcrea -->
      </class> <!-- com.ebanking.master.Exepom -->
    </test> <!-- Default test -->
  </suite> <!-- Default suite -->
</testng-results>
